-------------------------------------------------------------------------------
Test set: com.example.model.AlgemeneTest
-------------------------------------------------------------------------------
Tests run: 1, Failures: 0, Errors: 1, Skipped: 0, Time elapsed: 0.002 s <<< FAILURE! - in com.example.model.AlgemeneTest
com.example.model.AlgemeneTest.shouldPass  Time elapsed: 0.001 s  <<< ERROR!
java.lang.NullPointerException: Cannot invoke "java.util.ArrayList.add(Object)" because "loadedList" is null
	at com.example.model.AlgemeneTest.shouldPass(AlgemeneTest.java:26)

